20240202 21:28:10.764 [pool-3-thread-1] INFO  chargingStation5 - Due to Windy weather, Energy Source set at Station ID: 5 is WIND
20240202 21:28:16.178 [main] INFO  chargingStation5 - Vehicle 57 is assigned to station with ID:5.
20240202 21:28:22.763 [pool-3-thread-1] INFO  chargingStation5 - Due to Windy weather, Energy Source set at Station ID: 5 is WIND
20240202 21:28:32.276 [pool-2-thread-1] INFO  chargingStation5 - Station ID: 5 is free.
20240202 21:28:32.276 [pool-2-thread-1] INFO  chargingStation5 - Vehicle id : 106 is assigned to to the station 5 for the charging
20240202 21:28:32.811 [pool-2-thread-2] INFO  chargingStation5 - Station ID: 5 is free.
20240202 21:28:32.812 [pool-2-thread-2] INFO  chargingStation5 - Vehicle id : 446 is assigned to to the station 5 for the charging
20240202 21:28:34.483 [pool-2-thread-3] INFO  chargingStation5 - Station ID: 5 is free.
20240202 21:28:34.765 [pool-3-thread-1] INFO  chargingStation5 - Due to Windy weather, Energy Source set at Station ID: 5 is WIND
20240202 21:28:41.024 [main] INFO  chargingStation5 - Vehicle 49 is assigned to station with ID:5.
20240202 21:28:46.764 [pool-3-thread-1] INFO  chargingStation5 - Due to Windy weather, Energy Source set at Station ID: 5 is WIND
20240202 21:28:52.281 [pool-2-thread-1] INFO  chargingStation5 - Station ID: 5 is free.
20240202 21:28:52.281 [pool-2-thread-1] INFO  chargingStation5 - Vehicle id : 499 is assigned to to the station 5 for the charging
20240202 21:28:52.815 [pool-2-thread-2] INFO  chargingStation5 - Station ID: 5 is free.
20240202 21:28:53.548 [main] INFO  chargingStation5 - Vehicle 36 is assigned to station with ID:5.
20240202 21:28:54.486 [pool-2-thread-3] INFO  chargingStation5 - Station ID: 5 is free.
20240202 21:28:58.763 [pool-3-thread-1] INFO  chargingStation5 - Due to Windy weather, Energy Source set at Station ID: 5 is WIND
20240202 21:29:02.878 [main] INFO  chargingStation5 - Vehicle 439 is assigned to station with ID:5.
20240202 21:29:10.764 [pool-3-thread-1] INFO  chargingStation5 - Due to Sunny weather, Energy Source set at Station ID: 5 is SOLAR
20240202 21:29:12.285 [pool-2-thread-1] INFO  chargingStation5 - Station ID: 5 is free.
20240202 21:29:12.285 [pool-2-thread-1] INFO  chargingStation5 - Vehicle id : 220 is assigned to to the station 5 for the charging
20240202 21:29:12.826 [pool-2-thread-2] INFO  chargingStation5 - Station ID: 5 is free.
20240202 21:29:21.647 [main] INFO  chargingStation5 - Vehicle 372 is assigned to station with ID:5.
20240202 21:29:22.764 [pool-3-thread-1] INFO  chargingStation5 - Due to Rainy weather, Energy Source set at Station ID: 5 is HYDROELECTRIC
20240202 21:29:32.288 [pool-2-thread-1] INFO  chargingStation5 - Station ID: 5 is free.
20240202 21:29:32.288 [pool-2-thread-1] INFO  chargingStation5 - Vehicle id : 157 is assigned to to the station 5 for the charging
20240202 21:29:32.828 [pool-2-thread-2] INFO  chargingStation5 - Station ID: 5 is free.
20240202 21:29:34.763 [pool-3-thread-1] INFO  chargingStation5 - Due to Sunny weather, Energy Source set at Station ID: 5 is SOLAR
20240202 21:29:42.493 [main] INFO  chargingStation5 - Vehicle 4 is assigned to station with ID:5.
20240202 21:29:46.766 [pool-3-thread-1] INFO  chargingStation5 - Due to Windy weather, Energy Source set at Station ID: 5 is WIND
20240202 21:29:52.291 [pool-2-thread-1] INFO  chargingStation5 - Station ID: 5 is free.
20240202 21:29:52.291 [pool-2-thread-1] INFO  chargingStation5 - Vehicle id : 26 is assigned to to the station 5 for the charging
20240202 21:29:52.832 [pool-2-thread-2] INFO  chargingStation5 - Station ID: 5 is free.
20240202 21:29:53.225 [main] INFO  chargingStation5 - Vehicle 495 is assigned to station with ID:5.
20240202 21:29:54.491 [pool-2-thread-3] INFO  chargingStation5 - Station ID: 5 is free.
20240202 21:29:58.769 [pool-3-thread-1] INFO  chargingStation5 - Due to Rainy weather, Energy Source set at Station ID: 5 is HYDROELECTRIC
20240202 21:30:02.511 [main] INFO  chargingStation5 - Vehicle 47 is assigned to station with ID:5.
20240202 21:30:10.763 [pool-3-thread-1] INFO  chargingStation5 - Due to Sunny weather, Energy Source set at Station ID: 5 is SOLAR
20240202 21:30:12.293 [pool-2-thread-1] INFO  chargingStation5 - Station ID: 5 is free.
20240202 21:30:12.293 [pool-2-thread-1] INFO  chargingStation5 - Vehicle id : 144 is assigned to to the station 5 for the charging
20240202 21:30:12.835 [pool-2-thread-2] INFO  chargingStation5 - Station ID: 5 is free.
20240202 21:30:13.574 [main] INFO  chargingStation5 - Vehicle 449 is assigned to station with ID:5.
20240202 21:30:14.492 [pool-2-thread-3] INFO  chargingStation5 - Station ID: 5 is free.
20240202 21:30:21.039 [main] INFO  chargingStation5 - Vehicle 293 is assigned to station with ID:5.
20240202 21:30:22.765 [pool-3-thread-1] INFO  chargingStation5 - Due to Windy weather, Energy Source set at Station ID: 5 is WIND
20240202 21:30:32.298 [pool-2-thread-1] INFO  chargingStation5 - Station ID: 5 is free.
20240202 21:30:32.298 [pool-2-thread-1] INFO  chargingStation5 - Vehicle id : 147 is assigned to to the station 5 for the charging
20240202 21:30:32.837 [pool-2-thread-2] INFO  chargingStation5 - Station ID: 5 is free.
20240202 21:30:34.764 [pool-3-thread-1] INFO  chargingStation5 - Due to Windy weather, Energy Source set at Station ID: 5 is WIND
20240202 21:30:44.343 [main] INFO  chargingStation5 - Vehicle 42 is assigned to station with ID:5.
20240202 21:30:46.764 [pool-3-thread-1] INFO  chargingStation5 - Due to Windy weather, Energy Source set at Station ID: 5 is WIND
20240202 21:30:52.300 [pool-2-thread-1] INFO  chargingStation5 - Station ID: 5 is free.
20240202 21:30:52.749 [main] INFO  chargingStation5 - Vehicle 58 is assigned to station with ID:5.
20240202 21:30:52.838 [pool-2-thread-2] INFO  chargingStation5 - Station ID: 5 is free.
20240202 21:30:58.764 [pool-3-thread-1] INFO  chargingStation5 - Due to Rainy weather, Energy Source set at Station ID: 5 is HYDROELECTRIC
20240202 21:31:04.507 [main] INFO  chargingStation5 - Vehicle 291 is assigned to station with ID:5.
20240202 21:31:10.763 [pool-3-thread-1] INFO  chargingStation5 - Due to Rainy weather, Energy Source set at Station ID: 5 is HYDROELECTRIC
